<?xml version="1.0" encoding="UTF-8"?>
<testsuite name="com.iknoom.springboot.web.IndexControllerTest" tests="1" skipped="0" failures="0" errors="0" timestamp="2021-01-23T15:57:52" hostname="DESKTOP-OD1KV8M" time="0.131">
  <properties/>
  <testcase name="메인페이지_로딩" classname="com.iknoom.springboot.web.IndexControllerTest" time="0.131"/>
  <system-out><![CDATA[2021-01-24 00:57:51.422  INFO 15124 --- [    Test worker] .b.t.c.SpringBootTestContextBootstrapper : Neither @ContextConfiguration nor @ContextHierarchy found for test class [com.iknoom.springboot.web.IndexControllerTest], using SpringBootContextLoader
2021-01-24 00:57:51.423  INFO 15124 --- [    Test worker] o.s.t.c.support.AbstractContextLoader    : Could not detect default resource locations for test class [com.iknoom.springboot.web.IndexControllerTest]: no resource found for suffixes {-context.xml, Context.groovy}.
2021-01-24 00:57:51.423  INFO 15124 --- [    Test worker] t.c.s.AnnotationConfigContextLoaderUtils : Could not detect default configuration classes for test class [com.iknoom.springboot.web.IndexControllerTest]: IndexControllerTest does not declare any static, non-private, non-final, nested classes annotated with @Configuration.
2021-01-24 00:57:51.424  INFO 15124 --- [    Test worker] .b.t.c.SpringBootTestContextBootstrapper : Found @SpringBootConfiguration com.iknoom.springboot.Application for test class com.iknoom.springboot.web.IndexControllerTest
2021-01-24 00:57:51.425  INFO 15124 --- [    Test worker] .b.t.c.SpringBootTestContextBootstrapper : Loaded default TestExecutionListener class names from location [META-INF/spring.factories]: [org.springframework.security.test.context.support.WithSecurityContextTestExecutionListener, org.springframework.security.test.context.support.ReactorContextTestExecutionListener, org.springframework.boot.test.autoconfigure.restdocs.RestDocsTestExecutionListener, org.springframework.boot.test.autoconfigure.web.client.MockRestServiceServerResetTestExecutionListener, org.springframework.boot.test.autoconfigure.web.servlet.MockMvcPrintOnlyOnFailureTestExecutionListener, org.springframework.boot.test.autoconfigure.web.servlet.WebDriverTestExecutionListener, org.springframework.boot.test.mock.mockito.MockitoTestExecutionListener, org.springframework.boot.test.mock.mockito.ResetMocksTestExecutionListener, org.springframework.test.context.web.ServletTestExecutionListener, org.springframework.test.context.support.DirtiesContextBeforeModesTestExecutionListener, org.springframework.test.context.support.DependencyInjectionTestExecutionListener, org.springframework.test.context.support.DirtiesContextTestExecutionListener, org.springframework.test.context.transaction.TransactionalTestExecutionListener, org.springframework.test.context.jdbc.SqlScriptsTestExecutionListener]
2021-01-24 00:57:51.425  INFO 15124 --- [    Test worker] .b.t.c.SpringBootTestContextBootstrapper : Using TestExecutionListeners: [org.springframework.test.context.web.ServletTestExecutionListener@580454d1, org.springframework.test.context.support.DirtiesContextBeforeModesTestExecutionListener@5cc60634, org.springframework.boot.test.mock.mockito.MockitoTestExecutionListener@31748efb, org.springframework.boot.test.autoconfigure.SpringBootDependencyInjectionTestExecutionListener@636bba77, org.springframework.test.context.support.DirtiesContextTestExecutionListener@19b3d817, org.springframework.test.context.transaction.TransactionalTestExecutionListener@75289ab3, org.springframework.test.context.jdbc.SqlScriptsTestExecutionListener@603ed1bb, org.springframework.security.test.context.support.WithSecurityContextTestExecutionListener@5e3877c9, org.springframework.security.test.context.support.ReactorContextTestExecutionListener@594c6f79, org.springframework.boot.test.autoconfigure.restdocs.RestDocsTestExecutionListener@68009be1, org.springframework.boot.test.autoconfigure.web.client.MockRestServiceServerResetTestExecutionListener@7ea53c53, org.springframework.boot.test.autoconfigure.web.servlet.MockMvcPrintOnlyOnFailureTestExecutionListener@63be9a71, org.springframework.boot.test.autoconfigure.web.servlet.WebDriverTestExecutionListener@59b306d8, org.springframework.boot.test.mock.mockito.ResetMocksTestExecutionListener@3580419c]

  .   ____          _            __ _ _
 /\\ / ___'_ __ _ _(_)_ __  __ _ \ \ \ \
( ( )\___ | '_ | '_| | '_ \/ _` | \ \ \ \
 \\/  ___)| |_)| | | | | || (_| |  ) ) ) )
  '  |____| .__|_| |_|_| |_\__, | / / / /
 =========|_|==============|___/=/_/_/_/
 :: Spring Boot ::        (v2.1.7.RELEASE)

2021-01-24 00:57:51.446  INFO 15124 --- [    Test worker] c.i.springboot.web.IndexControllerTest   : Starting IndexControllerTest on DESKTOP-OD1KV8M with PID 15124 (started by Moonki in C:\Users\Moonki\IdeaProjects\awsworkspace)
2021-01-24 00:57:51.446  INFO 15124 --- [    Test worker] c.i.springboot.web.IndexControllerTest   : No active profile set, falling back to default profiles: default
2021-01-24 00:57:51.580  INFO 15124 --- [    Test worker] .s.d.r.c.RepositoryConfigurationDelegate : Bootstrapping Spring Data repositories in DEFAULT mode.
2021-01-24 00:57:51.596  INFO 15124 --- [    Test worker] .s.d.r.c.RepositoryConfigurationDelegate : Finished Spring Data repository scanning in 15ms. Found 2 repository interfaces.
2021-01-24 00:57:51.664  INFO 15124 --- [    Test worker] trationDelegate$BeanPostProcessorChecker : Bean 'org.springframework.transaction.annotation.ProxyTransactionManagementConfiguration' of type [org.springframework.transaction.annotation.ProxyTransactionManagementConfiguration$$EnhancerBySpringCGLIB$$2932a8b2] is not eligible for getting processed by all BeanPostProcessors (for example: not eligible for auto-proxying)
2021-01-24 00:57:51.820  INFO 15124 --- [    Test worker] o.s.b.w.embedded.tomcat.TomcatWebServer  : Tomcat initialized with port(s): 0 (http)
2021-01-24 00:57:51.843  INFO 15124 --- [    Test worker] o.apache.catalina.core.StandardService   : Starting service [Tomcat]
2021-01-24 00:57:51.843  INFO 15124 --- [    Test worker] org.apache.catalina.core.StandardEngine  : Starting Servlet engine: [Apache Tomcat/9.0.22]
2021-01-24 00:57:51.973  INFO 15124 --- [    Test worker] o.a.c.c.C.[Tomcat].[localhost].[/]       : Initializing Spring embedded WebApplicationContext
2021-01-24 00:57:51.973  INFO 15124 --- [    Test worker] o.s.web.context.ContextLoader            : Root WebApplicationContext: initialization completed in 526 ms
2021-01-24 00:57:52.080  INFO 15124 --- [    Test worker] com.zaxxer.hikari.HikariDataSource       : HikariPool-2 - Starting...
2021-01-24 00:57:52.081  INFO 15124 --- [    Test worker] com.zaxxer.hikari.HikariDataSource       : HikariPool-2 - Start completed.
2021-01-24 00:57:52.103  INFO 15124 --- [    Test worker] o.hibernate.jpa.internal.util.LogHelper  : HHH000204: Processing PersistenceUnitInfo [
	name: default
	...]
2021-01-24 00:57:52.110  INFO 15124 --- [    Test worker] org.hibernate.dialect.Dialect            : HHH000400: Using dialect: org.hibernate.dialect.MySQL5InnoDBDialect
Hibernate: drop table if exists posts
Hibernate: drop table if exists user
Hibernate: create table posts (id bigint not null auto_increment, created_date datetime, modified_date datetime, author varchar(255), content TEXT not null, title varchar(500) not null, primary key (id)) engine=InnoDB
Hibernate: create table user (id bigint not null auto_increment, created_date datetime, modified_date datetime, email varchar(255) not null, name varchar(255) not null, picture varchar(255), role varchar(255) not null, primary key (id)) engine=InnoDB
2021-01-24 00:57:52.145  INFO 15124 --- [    Test worker] o.h.t.schema.internal.SchemaCreatorImpl  : HHH000476: Executing import script 'org.hibernate.tool.schema.internal.exec.ScriptSourceInputNonExistentImpl@199fa804'
2021-01-24 00:57:52.145  INFO 15124 --- [    Test worker] j.LocalContainerEntityManagerFactoryBean : Initialized JPA EntityManagerFactory for persistence unit 'default'
2021-01-24 00:57:52.328  INFO 15124 --- [    Test worker] o.h.h.i.QueryTranslatorFactoryInitiator  : HHH000397: Using ASTQueryTranslatorFactory
2021-01-24 00:57:52.419  INFO 15124 --- [    Test worker] o.s.s.web.DefaultSecurityFilterChain     : Creating filter chain: any request, [org.springframework.security.web.context.request.async.WebAsyncManagerIntegrationFilter@5619ca94, org.springframework.security.web.context.SecurityContextPersistenceFilter@5d174697, org.springframework.security.web.header.HeaderWriterFilter@41ec01c8, org.springframework.security.web.authentication.logout.LogoutFilter@47eb60e1, org.springframework.security.oauth2.client.web.OAuth2AuthorizationRequestRedirectFilter@4a0b8ba8, org.springframework.security.oauth2.client.web.OAuth2LoginAuthenticationFilter@5aad93d3, org.springframework.security.web.authentication.ui.DefaultLoginPageGeneratingFilter@20afa99d, org.springframework.security.web.authentication.ui.DefaultLogoutPageGeneratingFilter@51192dfa, org.springframework.security.web.savedrequest.RequestCacheAwareFilter@17cd60a9, org.springframework.security.web.servletapi.SecurityContextHolderAwareRequestFilter@360ec1d9, org.springframework.security.web.authentication.AnonymousAuthenticationFilter@47d9baba, org.springframework.security.web.session.SessionManagementFilter@5bf9b9dc, org.springframework.security.web.access.ExceptionTranslationFilter@273da5b1, org.springframework.security.web.access.intercept.FilterSecurityInterceptor@2995d247]
2021-01-24 00:57:52.530  INFO 15124 --- [    Test worker] o.s.s.concurrent.ThreadPoolTaskExecutor  : Initializing ExecutorService 'applicationTaskExecutor'
2021-01-24 00:57:52.538  WARN 15124 --- [    Test worker] aWebConfiguration$JpaWebMvcConfiguration : spring.jpa.open-in-view is enabled by default. Therefore, database queries may be performed during view rendering. Explicitly configure spring.jpa.open-in-view to disable this warning
2021-01-24 00:57:52.555  INFO 15124 --- [    Test worker] o.s.b.a.w.s.WelcomePageHandlerMapping    : Adding welcome page template: index
2021-01-24 00:57:52.710  INFO 15124 --- [    Test worker] s.a.ScheduledAnnotationBeanPostProcessor : No TaskScheduler/ScheduledExecutorService bean found for scheduled processing
2021-01-24 00:57:52.724  INFO 15124 --- [    Test worker] o.s.b.w.embedded.tomcat.TomcatWebServer  : Tomcat started on port(s): 12365 (http) with context path ''
2021-01-24 00:57:52.724  INFO 15124 --- [    Test worker] c.i.springboot.web.IndexControllerTest   : Started IndexControllerTest in 1.298 seconds (JVM running for 7.138)
2021-01-24 00:57:52.784  INFO 15124 --- [o-auto-1-exec-1] o.a.c.c.C.[Tomcat].[localhost].[/]       : Initializing Spring DispatcherServlet 'dispatcherServlet'
2021-01-24 00:57:52.785  INFO 15124 --- [o-auto-1-exec-1] o.s.web.servlet.DispatcherServlet        : Initializing Servlet 'dispatcherServlet'
2021-01-24 00:57:52.798  INFO 15124 --- [o-auto-1-exec-1] o.s.web.servlet.DispatcherServlet        : Completed initialization in 13 ms
Hibernate: select posts0_.id as id1_0_, posts0_.created_date as created_2_0_, posts0_.modified_date as modified3_0_, posts0_.author as author4_0_, posts0_.content as content5_0_, posts0_.title as title6_0_ from posts posts0_ order by posts0_.id DESC
<!DOCTYPE html>
<html lang="en">
<head>
    <title>IKnoom 스프링 부트 예제</title>
    <meta http-equiv="Content-Type" content="text/html;charset=UTF-8">
    <link rel="stylesheet" href="https://stackpath.bootstrapcdn.com/bootstrap/4.3.1/css/bootstrap.min.css">
</head>
<body>

<h1>IKnoom 스프링 부트 예제</h1>
<div class="col-md-12">
    <!-- 로그인 -->
    <div class="row">
        <div class="col-md-6">
            <a href="/posts/save" role="botton" class="btn btn-primary">
                글 등록
            </a>
                <a href="/oauth2/authorization/google" class="btn btn-success active"
                   role="button">Google Login</a>
                <a href="/oauth2/authorization/naver" class="btn btn-secondary active"
                   role="button">Naver Login</a>
        </div>
    </div>
    <br>
    <!-- 목록 출력 -->
    <table class="table table-horizontal table-bordered">
        <thead class="thead-string">
        <tr>
            <th>게시글 번호</th>
            <th>제목</th>
            <th>작성자</th>
            <th>최종수정일</th>
        </tr>
        </thead>
        <tbody id="tbody">
        </tbody>
    </table>
</div>

<script src="https://code.jquery.com/jquery-3.3.1.min.js"></script>
<script src="https://stackpath.bootstrapcdn.com/bootstrap/4.3.1/js/bootstrap.min.js"></script>
<script src="/js/app/index.js"></script>
</body>
</html>
]]></system-out>
  <system-err><![CDATA[]]></system-err>
</testsuite>
