<?xml version="1.0" encoding="UTF-8"?>
<testsuite name="com.iknoom.springboot.web.IndexControllerTest" tests="1" skipped="0" failures="0" errors="0" timestamp="2021-01-18T15:57:03" hostname="DESKTOP-OD1KV8M" time="0.208">
  <properties/>
  <testcase name="메인페이지_로딩" classname="com.iknoom.springboot.web.IndexControllerTest" time="0.208"/>
  <system-out><![CDATA[00:57:00.214 [Test worker] DEBUG org.springframework.test.context.junit4.SpringJUnit4ClassRunner - SpringJUnit4ClassRunner constructor called with [class com.iknoom.springboot.web.IndexControllerTest]
00:57:00.220 [Test worker] DEBUG org.springframework.test.context.BootstrapUtils - Instantiating CacheAwareContextLoaderDelegate from class [org.springframework.test.context.cache.DefaultCacheAwareContextLoaderDelegate]
00:57:00.226 [Test worker] DEBUG org.springframework.test.context.BootstrapUtils - Instantiating BootstrapContext using constructor [public org.springframework.test.context.support.DefaultBootstrapContext(java.lang.Class,org.springframework.test.context.CacheAwareContextLoaderDelegate)]
00:57:00.238 [Test worker] DEBUG org.springframework.test.context.BootstrapUtils - Instantiating TestContextBootstrapper for test class [com.iknoom.springboot.web.IndexControllerTest] from class [org.springframework.boot.test.context.SpringBootTestContextBootstrapper]
00:57:00.246 [Test worker] INFO org.springframework.boot.test.context.SpringBootTestContextBootstrapper - Neither @ContextConfiguration nor @ContextHierarchy found for test class [com.iknoom.springboot.web.IndexControllerTest], using SpringBootContextLoader
00:57:00.249 [Test worker] DEBUG org.springframework.test.context.support.AbstractContextLoader - Did not detect default resource location for test class [com.iknoom.springboot.web.IndexControllerTest]: class path resource [com/iknoom/springboot/web/IndexControllerTest-context.xml] does not exist
00:57:00.249 [Test worker] DEBUG org.springframework.test.context.support.AbstractContextLoader - Did not detect default resource location for test class [com.iknoom.springboot.web.IndexControllerTest]: class path resource [com/iknoom/springboot/web/IndexControllerTestContext.groovy] does not exist
00:57:00.249 [Test worker] INFO org.springframework.test.context.support.AbstractContextLoader - Could not detect default resource locations for test class [com.iknoom.springboot.web.IndexControllerTest]: no resource found for suffixes {-context.xml, Context.groovy}.
00:57:00.250 [Test worker] INFO org.springframework.test.context.support.AnnotationConfigContextLoaderUtils - Could not detect default configuration classes for test class [com.iknoom.springboot.web.IndexControllerTest]: IndexControllerTest does not declare any static, non-private, non-final, nested classes annotated with @Configuration.
00:57:00.277 [Test worker] DEBUG org.springframework.test.context.support.ActiveProfilesUtils - Could not find an 'annotation declaring class' for annotation type [org.springframework.test.context.ActiveProfiles] and class [com.iknoom.springboot.web.IndexControllerTest]
00:57:00.346 [Test worker] DEBUG org.springframework.context.annotation.ClassPathScanningCandidateComponentProvider - Identified candidate component class: file [C:\Users\Moonki\IdeaProjects\awsworkspace\build\classes\java\main\com\iknoom\springboot\Application.class]
00:57:00.347 [Test worker] INFO org.springframework.boot.test.context.SpringBootTestContextBootstrapper - Found @SpringBootConfiguration com.iknoom.springboot.Application for test class com.iknoom.springboot.web.IndexControllerTest
00:57:00.414 [Test worker] DEBUG org.springframework.boot.test.context.SpringBootTestContextBootstrapper - @TestExecutionListeners is not present for class [com.iknoom.springboot.web.IndexControllerTest]: using defaults.
00:57:00.414 [Test worker] INFO org.springframework.boot.test.context.SpringBootTestContextBootstrapper - Loaded default TestExecutionListener class names from location [META-INF/spring.factories]: [org.springframework.boot.test.autoconfigure.restdocs.RestDocsTestExecutionListener, org.springframework.boot.test.autoconfigure.web.client.MockRestServiceServerResetTestExecutionListener, org.springframework.boot.test.autoconfigure.web.servlet.MockMvcPrintOnlyOnFailureTestExecutionListener, org.springframework.boot.test.autoconfigure.web.servlet.WebDriverTestExecutionListener, org.springframework.boot.test.mock.mockito.MockitoTestExecutionListener, org.springframework.boot.test.mock.mockito.ResetMocksTestExecutionListener, org.springframework.test.context.web.ServletTestExecutionListener, org.springframework.test.context.support.DirtiesContextBeforeModesTestExecutionListener, org.springframework.test.context.support.DependencyInjectionTestExecutionListener, org.springframework.test.context.support.DirtiesContextTestExecutionListener, org.springframework.test.context.transaction.TransactionalTestExecutionListener, org.springframework.test.context.jdbc.SqlScriptsTestExecutionListener]
00:57:00.426 [Test worker] INFO org.springframework.boot.test.context.SpringBootTestContextBootstrapper - Using TestExecutionListeners: [org.springframework.test.context.web.ServletTestExecutionListener@27ba5767, org.springframework.test.context.support.DirtiesContextBeforeModesTestExecutionListener@45c23d83, org.springframework.boot.test.mock.mockito.MockitoTestExecutionListener@77d7e67, org.springframework.boot.test.autoconfigure.SpringBootDependencyInjectionTestExecutionListener@3eaa2655, org.springframework.test.context.support.DirtiesContextTestExecutionListener@4b5e5f88, org.springframework.test.context.transaction.TransactionalTestExecutionListener@1fa45d45, org.springframework.test.context.jdbc.SqlScriptsTestExecutionListener@73c68690, org.springframework.boot.test.autoconfigure.restdocs.RestDocsTestExecutionListener@1cb19e33, org.springframework.boot.test.autoconfigure.web.client.MockRestServiceServerResetTestExecutionListener@25aa3032, org.springframework.boot.test.autoconfigure.web.servlet.MockMvcPrintOnlyOnFailureTestExecutionListener@18590fb7, org.springframework.boot.test.autoconfigure.web.servlet.WebDriverTestExecutionListener@5fece82a, org.springframework.boot.test.mock.mockito.ResetMocksTestExecutionListener@4fbcb5e2]
00:57:00.429 [Test worker] DEBUG org.springframework.test.annotation.ProfileValueUtils - Retrieved @ProfileValueSourceConfiguration [null] for test class [com.iknoom.springboot.web.IndexControllerTest]
00:57:00.429 [Test worker] DEBUG org.springframework.test.annotation.ProfileValueUtils - Retrieved ProfileValueSource type [class org.springframework.test.annotation.SystemProfileValueSource] for class [com.iknoom.springboot.web.IndexControllerTest]
00:57:00.432 [Test worker] DEBUG org.springframework.test.annotation.ProfileValueUtils - Retrieved @ProfileValueSourceConfiguration [null] for test class [com.iknoom.springboot.web.IndexControllerTest]
00:57:00.433 [Test worker] DEBUG org.springframework.test.annotation.ProfileValueUtils - Retrieved ProfileValueSource type [class org.springframework.test.annotation.SystemProfileValueSource] for class [com.iknoom.springboot.web.IndexControllerTest]
00:57:00.433 [Test worker] DEBUG org.springframework.test.annotation.ProfileValueUtils - Retrieved @ProfileValueSourceConfiguration [null] for test class [com.iknoom.springboot.web.IndexControllerTest]
00:57:00.433 [Test worker] DEBUG org.springframework.test.annotation.ProfileValueUtils - Retrieved ProfileValueSource type [class org.springframework.test.annotation.SystemProfileValueSource] for class [com.iknoom.springboot.web.IndexControllerTest]
00:57:00.436 [Test worker] DEBUG org.springframework.test.context.support.AbstractDirtiesContextTestExecutionListener - Before test class: context [DefaultTestContext@76968ff1 testClass = IndexControllerTest, testInstance = [null], testMethod = [null], testException = [null], mergedContextConfiguration = [WebMergedContextConfiguration@589cde11 testClass = IndexControllerTest, locations = '{}', classes = '{class com.iknoom.springboot.Application}', contextInitializerClasses = '[]', activeProfiles = '{}', propertySourceLocations = '{}', propertySourceProperties = '{org.springframework.boot.test.context.SpringBootTestContextBootstrapper=true, server.port=0}', contextCustomizers = set[org.springframework.boot.test.autoconfigure.properties.PropertyMappingContextCustomizer@0, org.springframework.boot.test.autoconfigure.web.servlet.WebDriverContextCustomizerFactory$Customizer@5d740440, org.springframework.boot.test.context.filter.ExcludeFilterContextCustomizer@1ede91e3, org.springframework.boot.test.json.DuplicateJsonObjectContextCustomizerFactory$DuplicateJsonObjectContextCustomizer@67019cdf, org.springframework.boot.test.mock.mockito.MockitoContextCustomizer@0, org.springframework.boot.test.web.client.TestRestTemplateContextCustomizer@228fa116], resourceBasePath = 'src/main/webapp', contextLoader = 'org.springframework.boot.test.context.SpringBootContextLoader', parent = [null]], attributes = map['org.springframework.test.context.web.ServletTestExecutionListener.activateListener' -> false]], class annotated with @DirtiesContext [false] with mode [null].
00:57:00.436 [Test worker] DEBUG org.springframework.test.annotation.ProfileValueUtils - Retrieved @ProfileValueSourceConfiguration [null] for test class [com.iknoom.springboot.web.IndexControllerTest]
00:57:00.436 [Test worker] DEBUG org.springframework.test.annotation.ProfileValueUtils - Retrieved ProfileValueSource type [class org.springframework.test.annotation.SystemProfileValueSource] for class [com.iknoom.springboot.web.IndexControllerTest]
00:57:00.439 [Test worker] DEBUG org.springframework.test.context.support.DependencyInjectionTestExecutionListener - Performing dependency injection for test context [[DefaultTestContext@76968ff1 testClass = IndexControllerTest, testInstance = com.iknoom.springboot.web.IndexControllerTest@6925fee, testMethod = [null], testException = [null], mergedContextConfiguration = [WebMergedContextConfiguration@589cde11 testClass = IndexControllerTest, locations = '{}', classes = '{class com.iknoom.springboot.Application}', contextInitializerClasses = '[]', activeProfiles = '{}', propertySourceLocations = '{}', propertySourceProperties = '{org.springframework.boot.test.context.SpringBootTestContextBootstrapper=true, server.port=0}', contextCustomizers = set[org.springframework.boot.test.autoconfigure.properties.PropertyMappingContextCustomizer@0, org.springframework.boot.test.autoconfigure.web.servlet.WebDriverContextCustomizerFactory$Customizer@5d740440, org.springframework.boot.test.context.filter.ExcludeFilterContextCustomizer@1ede91e3, org.springframework.boot.test.json.DuplicateJsonObjectContextCustomizerFactory$DuplicateJsonObjectContextCustomizer@67019cdf, org.springframework.boot.test.mock.mockito.MockitoContextCustomizer@0, org.springframework.boot.test.web.client.TestRestTemplateContextCustomizer@228fa116], resourceBasePath = 'src/main/webapp', contextLoader = 'org.springframework.boot.test.context.SpringBootContextLoader', parent = [null]], attributes = map['org.springframework.test.context.web.ServletTestExecutionListener.activateListener' -> false]]].
00:57:00.453 [Test worker] DEBUG org.springframework.test.context.support.TestPropertySourceUtils - Adding inlined properties to environment: {spring.jmx.enabled=false, org.springframework.boot.test.context.SpringBootTestContextBootstrapper=true, server.port=0}

  .   ____          _            __ _ _
 /\\ / ___'_ __ _ _(_)_ __  __ _ \ \ \ \
( ( )\___ | '_ | '_| | '_ \/ _` | \ \ \ \
 \\/  ___)| |_)| | | | | || (_| |  ) ) ) )
  '  |____| .__|_| |_|_| |_\__, | / / / /
 =========|_|==============|___/=/_/_/_/
 :: Spring Boot ::        (v2.1.7.RELEASE)

2021-01-19 00:57:00.655  INFO 17020 --- [    Test worker] c.i.springboot.web.IndexControllerTest   : Starting IndexControllerTest on DESKTOP-OD1KV8M with PID 17020 (started by Moonki in C:\Users\Moonki\IdeaProjects\awsworkspace)
2021-01-19 00:57:00.656  INFO 17020 --- [    Test worker] c.i.springboot.web.IndexControllerTest   : No active profile set, falling back to default profiles: default
2021-01-19 00:57:01.110  INFO 17020 --- [    Test worker] .s.d.r.c.RepositoryConfigurationDelegate : Bootstrapping Spring Data repositories in DEFAULT mode.
2021-01-19 00:57:01.159  INFO 17020 --- [    Test worker] .s.d.r.c.RepositoryConfigurationDelegate : Finished Spring Data repository scanning in 43ms. Found 1 repository interfaces.
2021-01-19 00:57:01.432  INFO 17020 --- [    Test worker] trationDelegate$BeanPostProcessorChecker : Bean 'org.springframework.transaction.annotation.ProxyTransactionManagementConfiguration' of type [org.springframework.transaction.annotation.ProxyTransactionManagementConfiguration$$EnhancerBySpringCGLIB$$d1d4f42b] is not eligible for getting processed by all BeanPostProcessors (for example: not eligible for auto-proxying)
2021-01-19 00:57:01.724  INFO 17020 --- [    Test worker] o.s.b.w.embedded.tomcat.TomcatWebServer  : Tomcat initialized with port(s): 0 (http)
2021-01-19 00:57:01.749  INFO 17020 --- [    Test worker] o.apache.catalina.core.StandardService   : Starting service [Tomcat]
2021-01-19 00:57:01.749  INFO 17020 --- [    Test worker] org.apache.catalina.core.StandardEngine  : Starting Servlet engine: [Apache Tomcat/9.0.22]
2021-01-19 00:57:01.895  INFO 17020 --- [    Test worker] o.a.c.c.C.[Tomcat].[localhost].[/]       : Initializing Spring embedded WebApplicationContext
2021-01-19 00:57:01.895  INFO 17020 --- [    Test worker] o.s.web.context.ContextLoader            : Root WebApplicationContext: initialization completed in 1224 ms
2021-01-19 00:57:02.111  INFO 17020 --- [    Test worker] com.zaxxer.hikari.HikariDataSource       : HikariPool-1 - Starting...
2021-01-19 00:57:02.245  INFO 17020 --- [    Test worker] com.zaxxer.hikari.HikariDataSource       : HikariPool-1 - Start completed.
2021-01-19 00:57:02.313  INFO 17020 --- [    Test worker] o.hibernate.jpa.internal.util.LogHelper  : HHH000204: Processing PersistenceUnitInfo [
	name: default
	...]
2021-01-19 00:57:02.372  INFO 17020 --- [    Test worker] org.hibernate.Version                    : HHH000412: Hibernate Core {5.3.10.Final}
2021-01-19 00:57:02.374  INFO 17020 --- [    Test worker] org.hibernate.cfg.Environment            : HHH000206: hibernate.properties not found
2021-01-19 00:57:02.508  INFO 17020 --- [    Test worker] o.hibernate.annotations.common.Version   : HCANN000001: Hibernate Commons Annotations {5.0.4.Final}
2021-01-19 00:57:02.635  INFO 17020 --- [    Test worker] org.hibernate.dialect.Dialect            : HHH000400: Using dialect: org.hibernate.dialect.MySQL5InnoDBDialect
Hibernate: drop table if exists posts
Hibernate: create table posts (id bigint not null auto_increment, created_date datetime, modified_date datetime, author varchar(255), content TEXT not null, title varchar(500) not null, primary key (id)) engine=InnoDB
2021-01-19 00:57:03.153  INFO 17020 --- [    Test worker] o.h.t.schema.internal.SchemaCreatorImpl  : HHH000476: Executing import script 'org.hibernate.tool.schema.internal.exec.ScriptSourceInputNonExistentImpl@50e39bef'
2021-01-19 00:57:03.155  INFO 17020 --- [    Test worker] j.LocalContainerEntityManagerFactoryBean : Initialized JPA EntityManagerFactory for persistence unit 'default'
2021-01-19 00:57:03.620  INFO 17020 --- [    Test worker] o.s.s.concurrent.ThreadPoolTaskExecutor  : Initializing ExecutorService 'applicationTaskExecutor'
2021-01-19 00:57:03.661  WARN 17020 --- [    Test worker] aWebConfiguration$JpaWebMvcConfiguration : spring.jpa.open-in-view is enabled by default. Therefore, database queries may be performed during view rendering. Explicitly configure spring.jpa.open-in-view to disable this warning
2021-01-19 00:57:03.699  INFO 17020 --- [    Test worker] o.s.b.a.w.s.WelcomePageHandlerMapping    : Adding welcome page template: index
2021-01-19 00:57:03.912  INFO 17020 --- [    Test worker] o.s.b.w.embedded.tomcat.TomcatWebServer  : Tomcat started on port(s): 8764 (http) with context path ''
2021-01-19 00:57:03.915  INFO 17020 --- [    Test worker] c.i.springboot.web.IndexControllerTest   : Started IndexControllerTest in 3.46 seconds (JVM running for 4.245)
2021-01-19 00:57:04.040  INFO 17020 --- [o-auto-1-exec-1] o.a.c.c.C.[Tomcat].[localhost].[/]       : Initializing Spring DispatcherServlet 'dispatcherServlet'
2021-01-19 00:57:04.040  INFO 17020 --- [o-auto-1-exec-1] o.s.web.servlet.DispatcherServlet        : Initializing Servlet 'dispatcherServlet'
2021-01-19 00:57:04.054  INFO 17020 --- [o-auto-1-exec-1] o.s.web.servlet.DispatcherServlet        : Completed initialization in 14 ms
<!DOCTYPE html>
<html lang="en">
<head>
    <title>IKnoom 스프링 부트 예제</title>
    <meta http-equiv="Content-Type" content="text/html;charset=UTF-8">
</head>
<body>
    <h1>IKnoom 스프링 부트 예제</h1>
</body>
</html>
]]></system-out>
  <system-err><![CDATA[]]></system-err>
</testsuite>
